# JRE version: Java(TM) SE Runtime Environment (7.0_65-b17) (build 1.7.0_65-b17)
# Java VM: Java HotSpot(TM) 64-Bit Server VM (24.65-b04 mixed mode linux-amd64 compressed oops)
Heap
 PSYoungGen      total 266752K, used 9542K [0x00000000eaa80000, 0x00000000ffa80000, 0x0000000100000000)
  eden space 189440K, 0% used [0x00000000eaa80000,0x00000000eaa80000,0x00000000f6380000)
  from space 77312K, 12% used [0x00000000f6380000,0x00000000f6cd18f0,0x00000000faf00000)
  to   space 73216K, 0% used [0x00000000fb300000,0x00000000fb300000,0x00000000ffa80000)
 ParOldGen       total 202240K, used 202092K [0x00000000c0000000, 0x00000000cc580000, 0x00000000eaa80000)
  object space 202240K, 99% used [0x00000000c0000000,0x00000000cc55b2b8,0x00000000cc580000)
 PSPermGen       total 133632K, used 133020K [0x00000000b0000000, 0x00000000b8280000, 0x00000000c0000000)
  object space 133632K, 99% used [0x00000000b0000000,0x00000000b81e7398,0x00000000b8280000)
GC Heap History (10 events):
Event: 2368,678 GC heap after
Heap after GC invocations=46 (full 11):
 PSYoungGen      total 262144K, used 32085K [0x00000000eaa80000, 0x00000000ff380000, 0x0000000100000000)
  eden space 183808K, 0% used [0x00000000eaa80000,0x00000000eaa80000,0x00000000f5e00000)
  from space 78336K, 40% used [0x00000000f5e00000,0x00000000f7d55440,0x00000000faa80000)
  to   space 73728K, 0% used [0x00000000fab80000,0x00000000fab80000,0x00000000ff380000)
 ParOldGen       total 202240K, used 121258K [0x00000000c0000000, 0x00000000cc580000, 0x00000000eaa80000)
  object space 202240K, 59% used [0x00000000c0000000,0x00000000c766aaa8,0x00000000cc580000)
 PSPermGen       total 133120K, used 109201K [0x00000000b0000000, 0x00000000b8200000, 0x00000000c0000000)
  object space 133120K, 82% used [0x00000000b0000000,0x00000000b6aa47f8,0x00000000b8200000)
}
Event: 2371,260 GC heap before
{Heap before GC invocations=47 (full 11):
 PSYoungGen      total 262144K, used 215893K [0x00000000eaa80000, 0x00000000ff380000, 0x0000000100000000)
  eden space 183808K, 100% used [0x00000000eaa80000,0x00000000f5e00000,0x00000000f5e00000)
  from space 78336K, 40% used [0x00000000f5e00000,0x00000000f7d55440,0x00000000faa80000)
  to   space 73728K, 0% used [0x00000000fab80000,0x00000000fab80000,0x00000000ff380000)
 ParOldGen       total 202240K, used 121258K [0x00000000c0000000, 0x00000000cc580000, 0x00000000eaa80000)
  object space 202240K, 59% used [0x00000000c0000000,0x00000000c766aaa8,0x00000000cc580000)
 PSPermGen       total 133120K, used 118453K [0x00000000b0000000, 0x00000000b8200000, 0x00000000c0000000)
  object space 133120K, 88% used [0x00000000b0000000,0x00000000b73ad7e0,0x00000000b8200000)
Event: 2371,333 GC heap after
Heap after GC invocations=47 (full 11):
 PSYoungGen      total 257024K, used 59095K [0x00000000eaa80000, 0x0000000100000000, 0x0000000100000000)
  eden space 183296K, 0% used [0x00000000eaa80000,0x00000000eaa80000,0x00000000f5d80000)
  from space 73728K, 80% used [0x00000000fab80000,0x00000000fe535cb0,0x00000000ff380000)
  to   space 79872K, 0% used [0x00000000f5d80000,0x00000000f5d80000,0x00000000fab80000)
 ParOldGen       total 202240K, used 121258K [0x00000000c0000000, 0x00000000cc580000, 0x00000000eaa80000)
  object space 202240K, 59% used [0x00000000c0000000,0x00000000c766aaa8,0x00000000cc580000)
 PSPermGen       total 133120K, used 118453K [0x00000000b0000000, 0x00000000b8200000, 0x00000000c0000000)
  object space 133120K, 88% used [0x00000000b0000000,0x00000000b73ad7e0,0x00000000b8200000)
}
Event: 2408,777 GC heap before
{Heap before GC invocations=48 (full 11):
 PSYoungGen      total 257024K, used 242391K [0x00000000eaa80000, 0x0000000100000000, 0x0000000100000000)
  eden space 183296K, 100% used [0x00000000eaa80000,0x00000000f5d80000,0x00000000f5d80000)
  from space 73728K, 80% used [0x00000000fab80000,0x00000000fe535cb0,0x00000000ff380000)
  to   space 79872K, 0% used [0x00000000f5d80000,0x00000000f5d80000,0x00000000fab80000)
 ParOldGen       total 202240K, used 121258K [0x00000000c0000000, 0x00000000cc580000, 0x00000000eaa80000)
  object space 202240K, 59% used [0x00000000c0000000,0x00000000c766aaa8,0x00000000cc580000)
 PSPermGen       total 133120K, used 122574K [0x00000000b0000000, 0x00000000b8200000, 0x00000000c0000000)
  object space 133120K, 92% used [0x00000000b0000000,0x00000000b77b3890,0x00000000b8200000)
Event: 2408,854 GC heap after
Heap after GC invocations=48 (full 11):
 PSYoungGen      total 263168K, used 48993K [0x00000000eaa80000, 0x0000000100000000, 0x0000000100000000)
  eden space 183296K, 0% used [0x00000000eaa80000,0x00000000eaa80000,0x00000000f5d80000)
  from space 79872K, 61% used [0x00000000f5d80000,0x00000000f8d58480,0x00000000fab80000)
  to   space 80384K, 0% used [0x00000000fb180000,0x00000000fb180000,0x0000000100000000)
 ParOldGen       total 202240K, used 136416K [0x00000000c0000000, 0x00000000cc580000, 0x00000000eaa80000)
  object space 202240K, 67% used [0x00000000c0000000,0x00000000c8538158,0x00000000cc580000)
 PSPermGen       total 133120K, used 122574K [0x00000000b0000000, 0x00000000b8200000, 0x00000000c0000000)
  object space 133120K, 92% used [0x00000000b0000000,0x00000000b77b3890,0x00000000b8200000)
}
Event: 2411,126 GC heap before
{Heap before GC invocations=49 (full 11):
 PSYoungGen      total 263168K, used 232289K [0x00000000eaa80000, 0x0000000100000000, 0x0000000100000000)
  eden space 183296K, 100% used [0x00000000eaa80000,0x00000000f5d80000,0x00000000f5d80000)
  from space 79872K, 61% used [0x00000000f5d80000,0x00000000f8d58480,0x00000000fab80000)
  to   space 80384K, 0% used [0x00000000fb180000,0x00000000fb180000,0x0000000100000000)
 ParOldGen       total 202240K, used 136416K [0x00000000c0000000, 0x00000000cc580000, 0x00000000eaa80000)
  object space 202240K, 67% used [0x00000000c0000000,0x00000000c8538158,0x00000000cc580000)
 PSPermGen       total 133120K, used 125302K [0x00000000b0000000, 0x00000000b8200000, 0x00000000c0000000)
  object space 133120K, 94% used [0x00000000b0000000,0x00000000b7a5da28,0x00000000b8200000)
Event: 2411,180 GC heap after
Heap after GC invocations=49 (full 11):
 PSYoungGen      total 264192K, used 39052K [0x00000000eaa80000, 0x00000000ffa80000, 0x0000000100000000)
  eden space 189440K, 0% used [0x00000000eaa80000,0x00000000eaa80000,0x00000000f6380000)
  from space 74752K, 52% used [0x00000000fb180000,0x00000000fd7a3398,0x00000000ffa80000)
  to   space 77312K, 0% used [0x00000000f6380000,0x00000000f6380000,0x00000000faf00000)
 ParOldGen       total 202240K, used 151272K [0x00000000c0000000, 0x00000000cc580000, 0x00000000eaa80000)
  object space 202240K, 74% used [0x00000000c0000000,0x00000000c93ba000,0x00000000cc580000)
 PSPermGen       total 133120K, used 125302K [0x00000000b0000000, 0x00000000b8200000, 0x00000000c0000000)
  object space 133120K, 94% used [0x00000000b0000000,0x00000000b7a5da28,0x00000000b8200000)
}
Event: 2414,734 GC heap before
{Heap before GC invocations=50 (full 11):
 PSYoungGen      total 264192K, used 228492K [0x00000000eaa80000, 0x00000000ffa80000, 0x0000000100000000)
  eden space 189440K, 100% used [0x00000000eaa80000,0x00000000f6380000,0x00000000f6380000)
  from space 74752K, 52% used [0x00000000fb180000,0x00000000fd7a3398,0x00000000ffa80000)
  to   space 77312K, 0% used [0x00000000f6380000,0x00000000f6380000,0x00000000faf00000)
 ParOldGen       total 202240K, used 151272K [0x00000000c0000000, 0x00000000cc580000, 0x00000000eaa80000)
  object space 202240K, 74% used [0x00000000c0000000,0x00000000c93ba000,0x00000000cc580000)
 PSPermGen       total 133632K, used 133307K [0x00000000b0000000, 0x00000000b8280000, 0x00000000c0000000)
  object space 133632K, 99% used [0x00000000b0000000,0x00000000b822eea0,0x00000000b8280000)
Event: 2414,806 GC heap after
Heap after GC invocations=50 (full 11):
 PSYoungGen      total 266752K, used 35125K [0x00000000eaa80000, 0x00000000ffa80000, 0x0000000100000000)
  eden space 189440K, 0% used [0x00000000eaa80000,0x00000000eaa80000,0x00000000f6380000)
  from space 77312K, 45% used [0x00000000f6380000,0x00000000f85cd730,0x00000000faf00000)
  to   space 73216K, 0% used [0x00000000fb300000,0x00000000fb300000,0x00000000ffa80000)
 ParOldGen       total 202240K, used 180680K [0x00000000c0000000, 0x00000000cc580000, 0x00000000eaa80000)
  object space 202240K, 89% used [0x00000000c0000000,0x00000000cb072228,0x00000000cc580000)
 PSPermGen       total 133632K, used 133307K [0x00000000b0000000, 0x00000000b8280000, 0x00000000c0000000)
  object space 133632K, 99% used [0x00000000b0000000,0x00000000b822eea0,0x00000000b8280000)
}
Event: 2414,806 GC heap before
{Heap before GC invocations=51 (full 12):
 PSYoungGen      total 266752K, used 35125K [0x00000000eaa80000, 0x00000000ffa80000, 0x0000000100000000)
  eden space 189440K, 0% used [0x00000000eaa80000,0x00000000eaa80000,0x00000000f6380000)
  from space 77312K, 45% used [0x00000000f6380000,0x00000000f85cd730,0x00000000faf00000)
  to   space 73216K, 0% used [0x00000000fb300000,0x00000000fb300000,0x00000000ffa80000)
 ParOldGen       total 202240K, used 180680K [0x00000000c0000000, 0x00000000cc580000, 0x00000000eaa80000)
  object space 202240K, 89% used [0x00000000c0000000,0x00000000cb072228,0x00000000cc580000)
 PSPermGen       total 133632K, used 133307K [0x00000000b0000000, 0x00000000b8280000, 0x00000000c0000000)
  object space 133632K, 99% used [0x00000000b0000000,0x00000000b822eea0,0x00000000b8280000)

